<?xml version="1.0" encoding="UTF-8"?>
<!-- Generated by org.testng.reporters.JUnitReportReporter -->
<testsuite hostname="DESKTOP-RU2MRHE" failures="0" tests="1" name="SumValidation" time="3.666" errors="0" timestamp="2023-11-20T09:02:33 EST" skipped="0">
  <testcase classname="SumValidation" name="sumOfCourses" time="3.666"/>
  <system-out/>
</testsuite> <!-- SumValidation -->
