<?xml version="1.0" encoding="UTF-8"?>
<!-- Generated by org.testng.reporters.JUnitReportReporter -->
<testsuite hostname="DESKTOP-RU2MRHE" failures="0" tests="3" name="files.DynamicJson" time="4.313" errors="0" timestamp="2023-11-21T22:16:02 EST" skipped="0">
  <testcase classname="files.DynamicJson" name="addBookTest" time="0.527"/>
  <system-out/>
  <testcase classname="files.DynamicJson" name="addBookTest" time="0.564"/>
  <system-out/>
  <testcase classname="files.DynamicJson" name="addBookTest" time="3.222"/>
  <system-out/>
</testsuite> <!-- files.DynamicJson -->
